2024-09-26 17:39:16.676 [DEBU] {49387014cfc1f8173e7a516cb14f2111} [ 32 ms] [default] [cybernetics] [rows:18 ] SHOW TABLES
2024-09-26 17:39:16.682 [DEBU] {49387014cfc1f8173e7a516cb14f2111} [  5 ms] [default] [cybernetics] [rows:13 ] SHOW FULL COLUMNS FROM `c9s_sys_config`
2024-09-26 17:39:16.697 [DEBU] {49387014cfc1f8173e7a516cb14f2111} [ 14 ms] [default] [cybernetics] [rows:0  ] SELECT `key`,`value`,`type` FROM `c9s_sys_config` WHERE `group`='upload'
2024-09-26 17:39:16.699 [DEBU] {49387014cfc1f8173e7a516cb14f2111} [  1 ms] [default] [cybernetics] [rows:0  ] SELECT `key`,`value`,`type` FROM `c9s_sys_config` WHERE `group`='sms'
2024-09-26 17:43:43.158 [DEBU] {ce1bead80dc2f817471790757f20b8f7} [ 21 ms] [default] [cybernetics] [rows:18 ] SHOW TABLES
2024-09-26 17:43:43.160 [DEBU] {ce1bead80dc2f817471790757f20b8f7} [  2 ms] [default] [cybernetics] [rows:13 ] SHOW FULL COLUMNS FROM `c9s_sys_config`
2024-09-26 17:43:43.162 [DEBU] {ce1bead80dc2f817471790757f20b8f7} [  1 ms] [default] [cybernetics] [rows:0  ] SELECT `key`,`value`,`type` FROM `c9s_sys_config` WHERE `group`='upload'
2024-09-26 17:43:43.162 [DEBU] {ce1bead80dc2f817471790757f20b8f7} [  0 ms] [default] [cybernetics] [rows:0  ] SELECT `key`,`value`,`type` FROM `c9s_sys_config` WHERE `group`='sms'
2024-09-26 17:43:43.165 [DEBU] {ce1bead80dc2f817471790757f20b8f7} [  2 ms] [default] [cybernetics] [rows:13 ] SHOW FULL COLUMNS FROM `c9s_admin_role`
2024-09-26 17:43:43.173 [DEBU] {ce1bead80dc2f817471790757f20b8f7} [  8 ms] [default] [cybernetics] [rows:0  ] SELECT * FROM `c9s_admin_role` WHERE `key`='super' LIMIT 1
2024-09-26 18:01:03.421 [DEBU] {cee30f1500c3f81795b2437a29a059c6} [ 14 ms] [default] [cybernetics] [rows:18 ] SHOW TABLES
2024-09-26 18:01:03.424 [DEBU] {cee30f1500c3f81795b2437a29a059c6} [  2 ms] [default] [cybernetics] [rows:13 ] SHOW FULL COLUMNS FROM `c9s_sys_config`
2024-09-26 18:01:03.425 [DEBU] {cee30f1500c3f81795b2437a29a059c6} [  1 ms] [default] [cybernetics] [rows:0  ] SELECT `key`,`value`,`type` FROM `c9s_sys_config` WHERE `group`='upload'
2024-09-26 18:01:03.426 [DEBU] {cee30f1500c3f81795b2437a29a059c6} [  0 ms] [default] [cybernetics] [rows:0  ] SELECT `key`,`value`,`type` FROM `c9s_sys_config` WHERE `group`='sms'
2024-09-26 18:01:03.428 [DEBU] {cee30f1500c3f81795b2437a29a059c6} [  2 ms] [default] [cybernetics] [rows:13 ] SHOW FULL COLUMNS FROM `c9s_admin_role`
2024-09-26 18:01:03.430 [DEBU] {cee30f1500c3f81795b2437a29a059c6} [  2 ms] [default] [cybernetics] [rows:0  ] SELECT * FROM `c9s_admin_role` WHERE `key`='super' LIMIT 1
2024-09-26 18:11:21.765 [DEBU] {5f54d80e90c3f817ca195a421b6ae4ee} [  9 ms] [default] [cybernetics] [rows:18 ] SHOW TABLES
2024-09-26 18:11:21.768 [DEBU] {5f54d80e90c3f817ca195a421b6ae4ee} [  3 ms] [default] [cybernetics] [rows:13 ] SHOW FULL COLUMNS FROM `c9s_sys_config`
2024-09-26 18:11:21.770 [DEBU] {5f54d80e90c3f817ca195a421b6ae4ee} [  2 ms] [default] [cybernetics] [rows:0  ] SELECT `key`,`value`,`type` FROM `c9s_sys_config` WHERE `group`='upload'
2024-09-26 18:11:21.771 [DEBU] {5f54d80e90c3f817ca195a421b6ae4ee} [  1 ms] [default] [cybernetics] [rows:0  ] SELECT `key`,`value`,`type` FROM `c9s_sys_config` WHERE `group`='sms'
2024-09-26 18:11:21.772 [DEBU] {5f54d80e90c3f817ca195a421b6ae4ee} [  1 ms] [default] [cybernetics] [rows:13 ] SHOW FULL COLUMNS FROM `c9s_admin_role`
2024-09-26 18:11:21.773 [DEBU] {5f54d80e90c3f817ca195a421b6ae4ee} [  1 ms] [default] [cybernetics] [rows:0  ] SELECT * FROM `c9s_admin_role` WHERE `key`='super' LIMIT 1
2024-09-26 18:12:24.800 [DEBU] {f53cdcbe9ec3f817f88ee720672fc8f9} [ 19 ms] [default] [cybernetics] [rows:18 ] SHOW TABLES
2024-09-26 18:12:24.803 [DEBU] {f53cdcbe9ec3f817f88ee720672fc8f9} [  2 ms] [default] [cybernetics] [rows:13 ] SHOW FULL COLUMNS FROM `c9s_sys_config`
2024-09-26 18:12:24.804 [DEBU] {f53cdcbe9ec3f817f88ee720672fc8f9} [  1 ms] [default] [cybernetics] [rows:0  ] SELECT `key`,`value`,`type` FROM `c9s_sys_config` WHERE `group`='upload'
2024-09-26 18:12:24.804 [DEBU] {f53cdcbe9ec3f817f88ee720672fc8f9} [  0 ms] [default] [cybernetics] [rows:0  ] SELECT `key`,`value`,`type` FROM `c9s_sys_config` WHERE `group`='sms'
2024-09-26 18:12:24.806 [DEBU] {f53cdcbe9ec3f817f88ee720672fc8f9} [  2 ms] [default] [cybernetics] [rows:13 ] SHOW FULL COLUMNS FROM `c9s_admin_role`
2024-09-26 18:12:24.808 [DEBU] {f53cdcbe9ec3f817f88ee720672fc8f9} [  2 ms] [default] [cybernetics] [rows:1  ] SELECT * FROM `c9s_admin_role` WHERE `key`='super' LIMIT 1
2024-09-26 18:12:24.811 [DEBU] {f53cdcbe9ec3f817f88ee720672fc8f9} [  3 ms] [default] [cybernetics] [rows:28 ] SHOW FULL COLUMNS FROM `c9s_admin_member`
2024-09-26 18:12:24.813 [DEBU] {f53cdcbe9ec3f817f88ee720672fc8f9} [  1 ms] [default] [cybernetics] [rows:1  ] SELECT `id` FROM `c9s_admin_member` WHERE `role_id`='1'
