2024-09-27 11:23:21.854 [DEBU] {4c4aa0b2e0fbf8172c527a03c93ff96f} [107 ms] [default] [cybernetics] [rows:18 ] SHOW TABLES
2024-09-27 11:23:21.865 [DEBU] {4c4aa0b2e0fbf8172c527a03c93ff96f} [ 11 ms] [default] [cybernetics] [rows:13 ] SHOW FULL COLUMNS FROM `c9s_sys_config`
2024-09-27 11:23:21.880 [DEBU] {4c4aa0b2e0fbf8172c527a03c93ff96f} [ 15 ms] [default] [cybernetics] [rows:0  ] SELECT `key`,`value`,`type` FROM `c9s_sys_config` WHERE `group`='upload'
2024-09-27 11:23:21.881 [DEBU] {4c4aa0b2e0fbf8172c527a03c93ff96f} [  1 ms] [default] [cybernetics] [rows:0  ] SELECT `key`,`value`,`type` FROM `c9s_sys_config` WHERE `group`='sms'
2024-09-27 11:23:21.883 [DEBU] {4c4aa0b2e0fbf8172c527a03c93ff96f} [  2 ms] [default] [cybernetics] [rows:13 ] SHOW FULL COLUMNS FROM `c9s_admin_role`
2024-09-27 11:23:21.886 [DEBU] {4c4aa0b2e0fbf8172c527a03c93ff96f} [  3 ms] [default] [cybernetics] [rows:1  ] SELECT * FROM `c9s_admin_role` WHERE `key`='super' LIMIT 1
2024-09-27 11:23:21.888 [DEBU] {4c4aa0b2e0fbf8172c527a03c93ff96f} [  2 ms] [default] [cybernetics] [rows:28 ] SHOW FULL COLUMNS FROM `c9s_admin_member`
2024-09-27 11:23:21.891 [DEBU] {4c4aa0b2e0fbf8172c527a03c93ff96f} [  2 ms] [default] [cybernetics] [rows:1  ] SELECT `id` FROM `c9s_admin_member` WHERE `role_id`='1'
2024-09-27 11:34:04.806 [DEBU] {6aaa447076fcf817bd24ac6b74f80801} [  4 ms] [default] [cybernetics] [rows:18 ] SHOW TABLES
2024-09-27 11:34:04.809 [DEBU] {6aaa447076fcf817bd24ac6b74f80801} [  3 ms] [default] [cybernetics] [rows:13 ] SHOW FULL COLUMNS FROM `c9s_sys_config`
2024-09-27 11:34:04.811 [DEBU] {6aaa447076fcf817bd24ac6b74f80801} [  1 ms] [default] [cybernetics] [rows:0  ] SELECT `key`,`value`,`type` FROM `c9s_sys_config` WHERE `group`='upload'
2024-09-27 11:34:04.812 [DEBU] {6aaa447076fcf817bd24ac6b74f80801} [  1 ms] [default] [cybernetics] [rows:0  ] SELECT `key`,`value`,`type` FROM `c9s_sys_config` WHERE `group`='sms'
2024-09-27 11:34:04.813 [DEBU] {6aaa447076fcf817bd24ac6b74f80801} [  1 ms] [default] [cybernetics] [rows:13 ] SHOW FULL COLUMNS FROM `c9s_admin_role`
2024-09-27 11:34:04.814 [DEBU] {6aaa447076fcf817bd24ac6b74f80801} [  1 ms] [default] [cybernetics] [rows:1  ] SELECT * FROM `c9s_admin_role` WHERE `key`='super' LIMIT 1
2024-09-27 11:34:04.816 [DEBU] {6aaa447076fcf817bd24ac6b74f80801} [  2 ms] [default] [cybernetics] [rows:28 ] SHOW FULL COLUMNS FROM `c9s_admin_member`
2024-09-27 11:34:04.817 [DEBU] {6aaa447076fcf817bd24ac6b74f80801} [  1 ms] [default] [cybernetics] [rows:1  ] SELECT `id` FROM `c9s_admin_member` WHERE `role_id`='1'
2024-09-27 11:35:25.740 [DEBU] {6aaa447076fcf817bd24ac6b74f80801} [  2 ms] [default] [cybernetics] [rows:18 ] SHOW TABLES
2024-09-27 11:35:25.741 [DEBU] {6aaa447076fcf817bd24ac6b74f80801} [  1 ms] [default] [cybernetics] [rows:13 ] SHOW FULL COLUMNS FROM `c9s_sys_config`
2024-09-27 11:35:25.742 [DEBU] {6aaa447076fcf817bd24ac6b74f80801} [  1 ms] [default] [cybernetics] [rows:0  ] SELECT `key`,`value`,`type` FROM `c9s_sys_config` WHERE `group`='upload'
2024-09-27 11:35:25.742 [DEBU] {6aaa447076fcf817bd24ac6b74f80801} [  0 ms] [default] [cybernetics] [rows:0  ] SELECT `key`,`value`,`type` FROM `c9s_sys_config` WHERE `group`='sms'
2024-09-27 11:35:25.744 [DEBU] {6aaa447076fcf817bd24ac6b74f80801} [  2 ms] [default] [cybernetics] [rows:13 ] SHOW FULL COLUMNS FROM `c9s_admin_role`
2024-09-27 11:35:25.745 [DEBU] {6aaa447076fcf817bd24ac6b74f80801} [  1 ms] [default] [cybernetics] [rows:1  ] SELECT * FROM `c9s_admin_role` WHERE `key`='super' LIMIT 1
2024-09-27 11:35:25.747 [DEBU] {6aaa447076fcf817bd24ac6b74f80801} [  1 ms] [default] [cybernetics] [rows:28 ] SHOW FULL COLUMNS FROM `c9s_admin_member`
2024-09-27 11:35:25.748 [DEBU] {6aaa447076fcf817bd24ac6b74f80801} [  1 ms] [default] [cybernetics] [rows:1  ] SELECT `id` FROM `c9s_admin_member` WHERE `role_id`='1'
2024-09-27 11:35:37.848 [DEBU] {113e8e528cfcf817982d1741101419d4} [  2 ms] [default] [cybernetics] [rows:18 ] SHOW TABLES
2024-09-27 11:35:37.850 [DEBU] {113e8e528cfcf817982d1741101419d4} [  1 ms] [default] [cybernetics] [rows:13 ] SHOW FULL COLUMNS FROM `c9s_sys_config`
2024-09-27 11:35:37.850 [DEBU] {113e8e528cfcf817982d1741101419d4} [  0 ms] [default] [cybernetics] [rows:0  ] SELECT `key`,`value`,`type` FROM `c9s_sys_config` WHERE `group`='upload'
2024-09-27 11:35:37.851 [DEBU] {113e8e528cfcf817982d1741101419d4} [  1 ms] [default] [cybernetics] [rows:0  ] SELECT `key`,`value`,`type` FROM `c9s_sys_config` WHERE `group`='sms'
2024-09-27 11:35:37.852 [DEBU] {113e8e528cfcf817982d1741101419d4} [  1 ms] [default] [cybernetics] [rows:13 ] SHOW FULL COLUMNS FROM `c9s_admin_role`
2024-09-27 11:35:37.852 [DEBU] {113e8e528cfcf817982d1741101419d4} [  0 ms] [default] [cybernetics] [rows:1  ] SELECT * FROM `c9s_admin_role` WHERE `key`='super' LIMIT 1
2024-09-27 11:35:37.855 [DEBU] {113e8e528cfcf817982d1741101419d4} [  3 ms] [default] [cybernetics] [rows:28 ] SHOW FULL COLUMNS FROM `c9s_admin_member`
2024-09-27 11:35:37.855 [DEBU] {113e8e528cfcf817982d1741101419d4} [  0 ms] [default] [cybernetics] [rows:1  ] SELECT `id` FROM `c9s_admin_member` WHERE `role_id`='1'
2024-09-27 11:36:44.876 [DEBU] {99ba88ed9bfcf81743cc05207cf396b4} [  4 ms] [default] [cybernetics] [rows:18 ] SHOW TABLES
2024-09-27 11:36:44.878 [DEBU] {99ba88ed9bfcf81743cc05207cf396b4} [  2 ms] [default] [cybernetics] [rows:13 ] SHOW FULL COLUMNS FROM `c9s_sys_config`
2024-09-27 11:36:44.879 [DEBU] {99ba88ed9bfcf81743cc05207cf396b4} [  1 ms] [default] [cybernetics] [rows:0  ] SELECT `key`,`value`,`type` FROM `c9s_sys_config` WHERE `group`='upload'
2024-09-27 11:36:44.880 [DEBU] {99ba88ed9bfcf81743cc05207cf396b4} [  1 ms] [default] [cybernetics] [rows:0  ] SELECT `key`,`value`,`type` FROM `c9s_sys_config` WHERE `group`='sms'
2024-09-27 11:36:44.881 [DEBU] {99ba88ed9bfcf81743cc05207cf396b4} [  1 ms] [default] [cybernetics] [rows:13 ] SHOW FULL COLUMNS FROM `c9s_admin_role`
2024-09-27 11:36:44.882 [DEBU] {99ba88ed9bfcf81743cc05207cf396b4} [  1 ms] [default] [cybernetics] [rows:1  ] SELECT * FROM `c9s_admin_role` WHERE `key`='super' LIMIT 1
2024-09-27 11:36:44.884 [DEBU] {99ba88ed9bfcf81743cc05207cf396b4} [  2 ms] [default] [cybernetics] [rows:28 ] SHOW FULL COLUMNS FROM `c9s_admin_member`
2024-09-27 11:36:44.885 [DEBU] {99ba88ed9bfcf81743cc05207cf396b4} [  1 ms] [default] [cybernetics] [rows:1  ] SELECT `id` FROM `c9s_admin_member` WHERE `role_id`='1'
2024-09-27 11:51:00.536 [DEBU] {dc26d50a63fdf8178fff6b06e35e80cb} [ 13 ms] [default] [cybernetics] [rows:19 ] SHOW TABLES
2024-09-27 11:51:00.538 [DEBU] {dc26d50a63fdf8178fff6b06e35e80cb} [  1 ms] [default] [cybernetics] [rows:13 ] SHOW FULL COLUMNS FROM `c9s_sys_config`
2024-09-27 11:51:00.539 [DEBU] {dc26d50a63fdf8178fff6b06e35e80cb} [  1 ms] [default] [cybernetics] [rows:0  ] SELECT `key`,`value`,`type` FROM `c9s_sys_config` WHERE `group`='upload'
2024-09-27 11:51:00.539 [DEBU] {dc26d50a63fdf8178fff6b06e35e80cb} [  0 ms] [default] [cybernetics] [rows:0  ] SELECT `key`,`value`,`type` FROM `c9s_sys_config` WHERE `group`='sms'
2024-09-27 11:51:00.540 [DEBU] {dc26d50a63fdf8178fff6b06e35e80cb} [  1 ms] [default] [cybernetics] [rows:13 ] SHOW FULL COLUMNS FROM `c9s_admin_role`
2024-09-27 11:51:00.541 [DEBU] {dc26d50a63fdf8178fff6b06e35e80cb} [  0 ms] [default] [cybernetics] [rows:1  ] SELECT * FROM `c9s_admin_role` WHERE `key`='super' LIMIT 1
2024-09-27 11:51:00.543 [DEBU] {dc26d50a63fdf8178fff6b06e35e80cb} [  2 ms] [default] [cybernetics] [rows:28 ] SHOW FULL COLUMNS FROM `c9s_admin_member`
2024-09-27 11:51:00.545 [DEBU] {dc26d50a63fdf8178fff6b06e35e80cb} [  2 ms] [default] [cybernetics] [rows:1  ] SELECT `id` FROM `c9s_admin_member` WHERE `role_id`='1'
2024-09-27 12:26:29.124 [DEBU] {12c1c26e52fff8173798ba7e375c4c95} [ 30 ms] [default] [cybernetics] [rows:19 ] SHOW TABLES
2024-09-27 12:26:29.129 [DEBU] {12c1c26e52fff8173798ba7e375c4c95} [  4 ms] [default] [cybernetics] [rows:13 ] SHOW FULL COLUMNS FROM `c9s_sys_config`
2024-09-27 12:26:29.131 [DEBU] {12c1c26e52fff8173798ba7e375c4c95} [  2 ms] [default] [cybernetics] [rows:0  ] SELECT `key`,`value`,`type` FROM `c9s_sys_config` WHERE `group`='upload'
2024-09-27 12:26:29.131 [DEBU] {12c1c26e52fff8173798ba7e375c4c95} [  0 ms] [default] [cybernetics] [rows:0  ] SELECT `key`,`value`,`type` FROM `c9s_sys_config` WHERE `group`='sms'
2024-09-27 12:26:29.133 [DEBU] {12c1c26e52fff8173798ba7e375c4c95} [  1 ms] [default] [cybernetics] [rows:13 ] SHOW FULL COLUMNS FROM `c9s_admin_role`
2024-09-27 12:26:29.135 [DEBU] {12c1c26e52fff8173798ba7e375c4c95} [  2 ms] [default] [cybernetics] [rows:1  ] SELECT * FROM `c9s_admin_role` WHERE `key`='super' LIMIT 1
2024-09-27 12:26:29.137 [DEBU] {12c1c26e52fff8173798ba7e375c4c95} [  2 ms] [default] [cybernetics] [rows:28 ] SHOW FULL COLUMNS FROM `c9s_admin_member`
2024-09-27 12:26:29.138 [DEBU] {12c1c26e52fff8173798ba7e375c4c95} [  1 ms] [default] [cybernetics] [rows:1  ] SELECT `id` FROM `c9s_admin_member` WHERE `role_id`='1'
2024-09-27 12:28:13.024 [DEBU] {d338c7ec6afff817fad5b802327deb70} [ 15 ms] [default] [cybernetics] [rows:19 ] SHOW TABLES
2024-09-27 12:28:13.026 [DEBU] {d338c7ec6afff817fad5b802327deb70} [  2 ms] [default] [cybernetics] [rows:13 ] SHOW FULL COLUMNS FROM `c9s_sys_config`
2024-09-27 12:28:13.027 [DEBU] {d338c7ec6afff817fad5b802327deb70} [  1 ms] [default] [cybernetics] [rows:0  ] SELECT `key`,`value`,`type` FROM `c9s_sys_config` WHERE `group`='upload'
2024-09-27 12:28:13.028 [DEBU] {d338c7ec6afff817fad5b802327deb70} [  1 ms] [default] [cybernetics] [rows:0  ] SELECT `key`,`value`,`type` FROM `c9s_sys_config` WHERE `group`='sms'
2024-09-27 12:28:13.029 [DEBU] {d338c7ec6afff817fad5b802327deb70} [  1 ms] [default] [cybernetics] [rows:13 ] SHOW FULL COLUMNS FROM `c9s_admin_role`
2024-09-27 12:28:13.029 [DEBU] {d338c7ec6afff817fad5b802327deb70} [  0 ms] [default] [cybernetics] [rows:1  ] SELECT * FROM `c9s_admin_role` WHERE `key`='super' LIMIT 1
2024-09-27 12:28:13.031 [DEBU] {d338c7ec6afff817fad5b802327deb70} [  2 ms] [default] [cybernetics] [rows:28 ] SHOW FULL COLUMNS FROM `c9s_admin_member`
2024-09-27 12:28:13.032 [DEBU] {d338c7ec6afff817fad5b802327deb70} [  0 ms] [default] [cybernetics] [rows:1  ] SELECT `id` FROM `c9s_admin_member` WHERE `role_id`='1'
2024-09-27 15:48:48.224 [DEBU] {7f8c6c695c0af9171811b7158506ffb9} [ 36 ms] [default] [cybernetics] [rows:19 ] SHOW TABLES
2024-09-27 15:48:48.231 [DEBU] {7f8c6c695c0af9171811b7158506ffb9} [  6 ms] [default] [cybernetics] [rows:13 ] SHOW FULL COLUMNS FROM `c9s_sys_config`
2024-09-27 15:48:48.233 [DEBU] {7f8c6c695c0af9171811b7158506ffb9} [  2 ms] [default] [cybernetics] [rows:0  ] SELECT `key`,`value`,`type` FROM `c9s_sys_config` WHERE `group`='upload'
2024-09-27 15:48:48.235 [DEBU] {7f8c6c695c0af9171811b7158506ffb9} [  2 ms] [default] [cybernetics] [rows:0  ] SELECT `key`,`value`,`type` FROM `c9s_sys_config` WHERE `group`='sms'
2024-09-27 15:48:48.238 [DEBU] {7f8c6c695c0af9171811b7158506ffb9} [  3 ms] [default] [cybernetics] [rows:13 ] SHOW FULL COLUMNS FROM `c9s_admin_role`
2024-09-27 15:48:48.240 [DEBU] {7f8c6c695c0af9171811b7158506ffb9} [  2 ms] [default] [cybernetics] [rows:1  ] SELECT * FROM `c9s_admin_role` WHERE `key`='super' LIMIT 1
2024-09-27 15:48:48.243 [DEBU] {7f8c6c695c0af9171811b7158506ffb9} [  3 ms] [default] [cybernetics] [rows:28 ] SHOW FULL COLUMNS FROM `c9s_admin_member`
2024-09-27 15:48:48.245 [DEBU] {7f8c6c695c0af9171811b7158506ffb9} [  2 ms] [default] [cybernetics] [rows:1  ] SELECT `id` FROM `c9s_admin_member` WHERE `role_id`='1'
2024-09-27 15:49:31.412 [DEBU] {7f8c6c695c0af9171811b7158506ffb9} [  9 ms] [default] [cybernetics] [rows:19 ] SHOW TABLES
2024-09-27 15:49:31.414 [DEBU] {7f8c6c695c0af9171811b7158506ffb9} [  2 ms] [default] [cybernetics] [rows:13 ] SHOW FULL COLUMNS FROM `c9s_sys_config`
2024-09-27 15:49:31.415 [DEBU] {7f8c6c695c0af9171811b7158506ffb9} [  0 ms] [default] [cybernetics] [rows:0  ] SELECT `key`,`value`,`type` FROM `c9s_sys_config` WHERE `group`='upload'
2024-09-27 15:49:31.416 [DEBU] {7f8c6c695c0af9171811b7158506ffb9} [  1 ms] [default] [cybernetics] [rows:0  ] SELECT `key`,`value`,`type` FROM `c9s_sys_config` WHERE `group`='sms'
2024-09-27 15:49:31.417 [DEBU] {7f8c6c695c0af9171811b7158506ffb9} [  1 ms] [default] [cybernetics] [rows:13 ] SHOW FULL COLUMNS FROM `c9s_admin_role`
2024-09-27 15:49:31.418 [DEBU] {7f8c6c695c0af9171811b7158506ffb9} [  1 ms] [default] [cybernetics] [rows:1  ] SELECT * FROM `c9s_admin_role` WHERE `key`='super' LIMIT 1
2024-09-27 15:49:31.420 [DEBU] {7f8c6c695c0af9171811b7158506ffb9} [  2 ms] [default] [cybernetics] [rows:28 ] SHOW FULL COLUMNS FROM `c9s_admin_member`
2024-09-27 15:49:31.421 [DEBU] {7f8c6c695c0af9171811b7158506ffb9} [  1 ms] [default] [cybernetics] [rows:1  ] SELECT `id` FROM `c9s_admin_member` WHERE `role_id`='1'
2024-09-27 15:49:35.395 [DEBU] {c3552613680af9174e799f4a8253050c} [  3 ms] [default] [cybernetics] [rows:19 ] SHOW TABLES
2024-09-27 15:49:35.398 [DEBU] {c3552613680af9174e799f4a8253050c} [  3 ms] [default] [cybernetics] [rows:13 ] SHOW FULL COLUMNS FROM `c9s_sys_config`
2024-09-27 15:49:35.399 [DEBU] {c3552613680af9174e799f4a8253050c} [  1 ms] [default] [cybernetics] [rows:0  ] SELECT `key`,`value`,`type` FROM `c9s_sys_config` WHERE `group`='upload'
2024-09-27 15:49:35.400 [DEBU] {c3552613680af9174e799f4a8253050c} [  1 ms] [default] [cybernetics] [rows:0  ] SELECT `key`,`value`,`type` FROM `c9s_sys_config` WHERE `group`='sms'
2024-09-27 15:49:35.402 [DEBU] {c3552613680af9174e799f4a8253050c} [  2 ms] [default] [cybernetics] [rows:13 ] SHOW FULL COLUMNS FROM `c9s_admin_role`
2024-09-27 15:49:35.402 [DEBU] {c3552613680af9174e799f4a8253050c} [  0 ms] [default] [cybernetics] [rows:1  ] SELECT * FROM `c9s_admin_role` WHERE `key`='super' LIMIT 1
2024-09-27 15:49:35.404 [DEBU] {c3552613680af9174e799f4a8253050c} [  1 ms] [default] [cybernetics] [rows:28 ] SHOW FULL COLUMNS FROM `c9s_admin_member`
2024-09-27 15:49:35.404 [DEBU] {c3552613680af9174e799f4a8253050c} [  0 ms] [default] [cybernetics] [rows:1  ] SELECT `id` FROM `c9s_admin_member` WHERE `role_id`='1'
2024-09-27 15:52:32.891 [DEBU] {47a4a762910af91731bc522447c1986e} [  4 ms] [default] [cybernetics] [rows:19 ] SHOW TABLES
2024-09-27 15:52:32.893 [DEBU] {47a4a762910af91731bc522447c1986e} [  2 ms] [default] [cybernetics] [rows:13 ] SHOW FULL COLUMNS FROM `c9s_sys_config`
2024-09-27 15:52:32.894 [DEBU] {47a4a762910af91731bc522447c1986e} [  1 ms] [default] [cybernetics] [rows:0  ] SELECT `key`,`value`,`type` FROM `c9s_sys_config` WHERE `group`='upload'
2024-09-27 15:52:32.894 [DEBU] {47a4a762910af91731bc522447c1986e} [  0 ms] [default] [cybernetics] [rows:0  ] SELECT `key`,`value`,`type` FROM `c9s_sys_config` WHERE `group`='sms'
2024-09-27 15:52:32.902 [DEBU] {47a4a762910af91731bc522447c1986e} [  7 ms] [default] [cybernetics] [rows:13 ] SHOW FULL COLUMNS FROM `c9s_admin_role`
2024-09-27 15:52:32.903 [DEBU] {47a4a762910af91731bc522447c1986e} [  1 ms] [default] [cybernetics] [rows:1  ] SELECT * FROM `c9s_admin_role` WHERE `key`='super' LIMIT 1
2024-09-27 15:52:32.904 [DEBU] {47a4a762910af91731bc522447c1986e} [  1 ms] [default] [cybernetics] [rows:28 ] SHOW FULL COLUMNS FROM `c9s_admin_member`
2024-09-27 15:52:32.905 [DEBU] {47a4a762910af91731bc522447c1986e} [  1 ms] [default] [cybernetics] [rows:1  ] SELECT `id` FROM `c9s_admin_member` WHERE `role_id`='1'
2024-09-27 15:55:00.342 [DEBU] {dcb178bcb30af917b94fd4302996ac96} [  4 ms] [default] [cybernetics] [rows:19 ] SHOW TABLES
2024-09-27 15:55:00.344 [DEBU] {dcb178bcb30af917b94fd4302996ac96} [  1 ms] [default] [cybernetics] [rows:13 ] SHOW FULL COLUMNS FROM `c9s_sys_config`
2024-09-27 15:55:00.345 [DEBU] {dcb178bcb30af917b94fd4302996ac96} [  1 ms] [default] [cybernetics] [rows:0  ] SELECT `key`,`value`,`type` FROM `c9s_sys_config` WHERE `group`='upload'
2024-09-27 15:55:00.345 [DEBU] {dcb178bcb30af917b94fd4302996ac96} [  0 ms] [default] [cybernetics] [rows:0  ] SELECT `key`,`value`,`type` FROM `c9s_sys_config` WHERE `group`='sms'
2024-09-27 15:55:00.348 [DEBU] {dcb178bcb30af917b94fd4302996ac96} [  2 ms] [default] [cybernetics] [rows:13 ] SHOW FULL COLUMNS FROM `c9s_admin_role`
2024-09-27 15:55:00.349 [DEBU] {dcb178bcb30af917b94fd4302996ac96} [  1 ms] [default] [cybernetics] [rows:1  ] SELECT * FROM `c9s_admin_role` WHERE `key`='super' LIMIT 1
2024-09-27 15:55:00.350 [DEBU] {dcb178bcb30af917b94fd4302996ac96} [  1 ms] [default] [cybernetics] [rows:28 ] SHOW FULL COLUMNS FROM `c9s_admin_member`
2024-09-27 15:55:00.350 [DEBU] {dcb178bcb30af917b94fd4302996ac96} [  0 ms] [default] [cybernetics] [rows:1  ] SELECT `id` FROM `c9s_admin_member` WHERE `role_id`='1'
